
> bibliotecav@1.0.0 start
> electron .

node:events:486
      throw er; // Unhandled 'error' event
      ^

Error: spawn C:\Users\evert\OneDrive\Área de Trabalho\BiblioControle\node_modules\electron\dist\electron.exe ENOENT
    at ChildProcess._handle.onexit (node:internal/child_process:286:19)
    at onErrorNT (node:internal/child_process:507:16)
    at process.processTicksAndRejections (node:internal/process/task_queues:90:21)
Emitted 'error' event on ChildProcess instance at:
    at ChildProcess._handle.onexit (node:internal/child_process:292:12)
    at onErrorNT (node:internal/child_process:507:16)
    at process.processTicksAndRejections (node:internal/process/task_queues:90:21) {
  errno: -4058,
  code: 'ENOENT',
  syscall: 'spawn C:\\Users\\evert\\OneDrive\\Área de Trabalho\\BiblioControle\\node_modules\\electron\\dist\\electron.exe',
  path: 'C:\\Users\\evert\\OneDrive\\Área de Trabalho\\BiblioControle\\node_modules\\electron\\dist\\electron.exe',
  spawnargs: [ '.' ]
}

Node.js v25.8.2
