[dotenv@17.3.1] injecting env (8) from .env -- tip: 🛡️ auth for agents: https://vestauth.com
[dotenv@17.3.1] injecting env (0) from .env -- tip: 🔐 prevent committing .env to code: https://dotenvx.com/precommit
❌ Erro ao conectar banco: ConnectionError [SequelizeConnectionError]: Unknown database 'bibliotecav'
    at ConnectionManager.connect (C:\Users\evert\OneDrive\Área de Trabalho\BiblioControle\node_modules\sequelize\lib\dialects\mysql\connection-manager.js:102:17)
    at process.processTicksAndRejections (node:internal/process/task_queues:104:5)
    at async ConnectionManager._connect (C:\Users\evert\OneDrive\Área de Trabalho\BiblioControle\node_modules\sequelize\lib\dialects\abstract\connection-manager.js:222:24)
    at async C:\Users\evert\OneDrive\Área de Trabalho\BiblioControle\node_modules\sequelize\lib\dialects\abstract\connection-manager.js:174:32
    at async ConnectionManager.getConnection (C:\Users\evert\OneDrive\Área de Trabalho\BiblioControle\node_modules\sequelize\lib\dialects\abstract\connection-manager.js:197:7)
    at async C:\Users\evert\OneDrive\Área de Trabalho\BiblioControle\node_modules\sequelize\lib\sequelize.js:305:26
    at async Sequelize.authenticate (C:\Users\evert\OneDrive\Área de Trabalho\BiblioControle\node_modules\sequelize\lib\sequelize.js:457:5)
    at async connectDB (C:\Users\evert\OneDrive\Área de Trabalho\BiblioControle\server\src\config\database.js:27:5)
    at async startServer (C:\Users\evert\OneDrive\Área de Trabalho\BiblioControle\server\src\index.js:59:5) {
  parent: Error: Unknown database 'bibliotecav'
      at Packet.asError (C:\Users\evert\OneDrive\Área de Trabalho\BiblioControle\node_modules\mysql2\lib\packets\packet.js:788:17)
      at ClientHandshake.execute (C:\Users\evert\OneDrive\Área de Trabalho\BiblioControle\node_modules\mysql2\lib\commands\command.js:29:26)
      at Connection.handlePacket (C:\Users\evert\OneDrive\Área de Trabalho\BiblioControle\node_modules\mysql2\lib\base\connection.js:552:34)
      at PacketParser.onPacket (C:\Users\evert\OneDrive\Área de Trabalho\BiblioControle\node_modules\mysql2\lib\base\connection.js:102:12)
      at PacketParser.executeStart (C:\Users\evert\OneDrive\Área de Trabalho\BiblioControle\node_modules\mysql2\lib\packet_parser.js:75:16)
      at Socket.<anonymous> (C:\Users\evert\OneDrive\Área de Trabalho\BiblioControle\node_modules\mysql2\lib\base\connection.js:109:25)
      at Socket.emit (node:events:508:28)
      at addChunk (node:internal/streams/readable:563:12)
      at readableAddChunkPushByteMode (node:internal/streams/readable:514:3)
      at Readable.push (node:internal/streams/readable:394:5) {
    code: 'ER_BAD_DB_ERROR',
    errno: 1049,
    sqlState: '42000',
    sqlMessage: "Unknown database 'bibliotecav'",
    sql: undefined
  },
  original: Error: Unknown database 'bibliotecav'
      at Packet.asError (C:\Users\evert\OneDrive\Área de Trabalho\BiblioControle\node_modules\mysql2\lib\packets\packet.js:788:17)
      at ClientHandshake.execute (C:\Users\evert\OneDrive\Área de Trabalho\BiblioControle\node_modules\mysql2\lib\commands\command.js:29:26)
      at Connection.handlePacket (C:\Users\evert\OneDrive\Área de Trabalho\BiblioControle\node_modules\mysql2\lib\base\connection.js:552:34)
      at PacketParser.onPacket (C:\Users\evert\OneDrive\Área de Trabalho\BiblioControle\node_modules\mysql2\lib\base\connection.js:102:12)
      at PacketParser.executeStart (C:\Users\evert\OneDrive\Área de Trabalho\BiblioControle\node_modules\mysql2\lib\packet_parser.js:75:16)
      at Socket.<anonymous> (C:\Users\evert\OneDrive\Área de Trabalho\BiblioControle\node_modules\mysql2\lib\base\connection.js:109:25)
      at Socket.emit (node:events:508:28)
      at addChunk (node:internal/streams/readable:563:12)
      at readableAddChunkPushByteMode (node:internal/streams/readable:514:3)
      at Readable.push (node:internal/streams/readable:394:5) {
    code: 'ER_BAD_DB_ERROR',
    errno: 1049,
    sqlState: '42000',
    sqlMessage: "Unknown database 'bibliotecav'",
    sql: undefined
  }
}
